TN:
SF:config.js
FNF:0
FNH:0
DA:2,1
LF:1
LH:1
BRDA:3,0,0,1
BRDA:3,0,1,1
BRF:2
BRH:2
end_of_record
TN:
SF:index.js
FN:12,(anonymous_0)
FNF:1
FNH:1
FNDA:1,(anonymous_0)
DA:1,1
DA:3,1
DA:4,1
DA:6,1
DA:7,1
DA:8,1
DA:10,1
DA:12,1
DA:13,1
DA:16,1
LF:10
LH:10
BRF:0
BRH:0
end_of_record
TN:
SF:routes\routes.js
FN:7,(anonymous_0)
FN:15,(anonymous_1)
FN:18,(anonymous_2)
FN:26,(anonymous_3)
FNF:4
FNH:4
FNDA:2,(anonymous_0)
FNDA:4,(anonymous_1)
FNDA:1,(anonymous_2)
FNDA:2,(anonymous_3)
DA:1,1
DA:3,1
DA:5,1
DA:6,1
DA:7,1
DA:8,2
DA:15,1
DA:16,4
DA:17,4
DA:18,4
DA:19,1
DA:20,1
DA:22,0
DA:26,4
DA:27,2
DA:28,2
DA:30,0
DA:34,4
DA:35,1
DA:40,3
DA:41,2
DA:47,1
DA:48,0
DA:54,1
DA:55,0
DA:61,1
DA:68,1
LF:27
LH:23
BRDA:34,0,0,1
BRDA:34,0,1,3
BRDA:40,1,0,2
BRDA:40,1,1,1
BRDA:47,2,0,0
BRDA:47,2,1,1
BRDA:54,3,0,0
BRDA:54,3,1,1
BRF:8
BRH:6
end_of_record
